14:43:41.055 [main] INFO  stepDefinitions.steps - Opened Webpage
14:44:03.036 [main] INFO  stepDefinitions.steps - Opened Webpage
14:45:22.947 [main] INFO  stepDefinitions.steps - Opened Webpage
14:45:25.046 [main] INFO  stepDefinitions.steps - Entered Username & Password
14:45:25.898 [main] INFO  stepDefinitions.steps - Clicked Submit
14:46:23.283 [main] INFO  stepDefinitions.steps - Opened Webpage
14:46:25.374 [main] INFO  stepDefinitions.steps - Entered Username & Password
14:46:25.410 [main] INFO  stepDefinitions.steps - Clicked Submit
14:47:56.693 [main] INFO  stepDefinitions.steps - Opened Webpage
14:47:58.785 [main] INFO  stepDefinitions.steps - Entered Username & Password
14:47:58.818 [main] INFO  stepDefinitions.steps - Clicked Submit
14:48:00.849 [main] INFO  stepDefinitions.steps - Verified we hit Dashboard
14:50:28.747 [main] INFO  stepDefinitions.steps - Opened Webpage
14:50:30.837 [main] INFO  stepDefinitions.steps - Entered Username & Password
14:50:30.873 [main] INFO  stepDefinitions.steps - Clicked Submit
14:50:32.916 [main] INFO  stepDefinitions.steps - Verified we hit Dashboard
15:55:48.091 [main] INFO  stepDefinitions.steps - Opened Webpage
15:55:50.181 [main] INFO  stepDefinitions.steps - Entered Username & Password
15:55:50.214 [main] INFO  stepDefinitions.steps - Clicked Submit
15:56:55.937 [main] INFO  stepDefinitions.steps - Opened Webpage
16:04:18.215 [main] INFO  stepDefinitions.steps - Opened Webpage
16:04:20.312 [main] INFO  stepDefinitions.steps - Entered Username & Password
16:04:20.343 [main] INFO  stepDefinitions.steps - Clicked Submit
16:05:48.852 [main] INFO  stepDefinitions.steps - Opened Webpage
16:05:50.943 [main] INFO  stepDefinitions.steps - Entered Username & Password
16:05:51.345 [main] INFO  stepDefinitions.steps - Clicked Submit
16:06:36.197 [main] INFO  stepDefinitions.steps - Opened Webpage
16:06:38.298 [main] INFO  stepDefinitions.steps - Entered Username & Password
16:06:38.330 [main] INFO  stepDefinitions.steps - Clicked Submit
17:31:15.647 [main] INFO  stepDefinitions.steps - Opened Webpage
17:31:17.740 [main] INFO  stepDefinitions.steps - Entered Username & Password
17:31:17.773 [main] INFO  stepDefinitions.steps - Clicked Submit
17:31:21.922 [main] INFO  stepDefinitions.steps - Opened Webpage
17:31:24.013 [main] INFO  stepDefinitions.steps - Entered Username & Password
17:31:24.044 [main] INFO  stepDefinitions.steps - Clicked Submit
17:31:26.085 [main] INFO  stepDefinitions.steps - Password details Failed to Match
17:31:28.124 [main] INFO  stepDefinitions.steps - Opened Webpage
17:31:30.208 [main] INFO  stepDefinitions.steps - Entered Username & Password
17:31:30.238 [main] INFO  stepDefinitions.steps - Clicked Submit
17:31:32.271 [main] INFO  stepDefinitions.steps - Password details Failed to Match
17:35:55.171 [main] INFO  stepDefinitions.steps - Opened Webpage
17:35:57.265 [main] INFO  stepDefinitions.steps - Entered Username & Password
17:35:57.300 [main] INFO  stepDefinitions.steps - Clicked Submit
17:36:01.520 [main] INFO  stepDefinitions.steps - Opened Webpage
17:36:03.604 [main] INFO  stepDefinitions.steps - Entered Username & Password
17:36:03.638 [main] INFO  stepDefinitions.steps - Clicked Submit
17:36:07.711 [main] INFO  stepDefinitions.steps - Opened Webpage
17:36:09.794 [main] INFO  stepDefinitions.steps - Entered Username & Password
17:36:09.824 [main] INFO  stepDefinitions.steps - Clicked Submit
17:36:11.858 [main] INFO  stepDefinitions.steps - Password details Failed to Match
17:38:21.140 [main] INFO  stepDefinitions.steps - Opened Webpage
17:38:23.225 [main] INFO  stepDefinitions.steps - Entered Username & Password
17:38:23.258 [main] INFO  stepDefinitions.steps - Clicked Submit
17:38:27.502 [main] INFO  stepDefinitions.steps - Opened Webpage
17:45:48.159 [main] INFO  stepDefinitions.steps - Opened Webpage
17:45:50.247 [main] INFO  stepDefinitions.steps - Entered Username & Password
17:45:50.278 [main] INFO  stepDefinitions.steps - Clicked Submit
17:45:54.527 [main] INFO  stepDefinitions.steps - Opened Webpage
17:47:01.438 [main] INFO  stepDefinitions.steps - Opened Webpage
17:47:03.546 [main] INFO  stepDefinitions.steps - Entered Username & Password
17:47:03.577 [main] INFO  stepDefinitions.steps - Clicked Submit
17:47:05.617 [main] ERROR stepDefinitions.steps - Login Failed 
17:47:07.693 [main] INFO  stepDefinitions.steps - Opened Webpage
17:47:09.780 [main] INFO  stepDefinitions.steps - Entered Username & Password
17:47:10.697 [main] INFO  stepDefinitions.steps - Clicked Submit
17:55:41.035 [main] INFO  stepDefinitions.steps - Opened Webpage
17:55:43.136 [main] INFO  stepDefinitions.steps - Entered Username & Password
17:55:43.171 [main] INFO  stepDefinitions.steps - Clicked Submit
17:55:47.293 [main] INFO  stepDefinitions.steps - Opened Webpage
18:01:43.326 [main] INFO  stepDefinitions.steps - Opened Webpage
18:01:45.410 [main] INFO  stepDefinitions.steps - Entered Username & Password
18:01:45.444 [main] INFO  stepDefinitions.steps - Clicked Submit
18:01:49.523 [main] INFO  stepDefinitions.steps - Opened Webpage
18:06:16.231 [main] INFO  stepDefinitions.steps - Opened Webpage
18:06:18.335 [main] INFO  stepDefinitions.steps - Entered Username & Password
18:06:19.163 [main] INFO  stepDefinitions.steps - Clicked Submit
18:06:23.385 [main] INFO  stepDefinitions.steps - Opened Webpage
18:07:03.164 [main] INFO  stepDefinitions.steps - Opened Webpage
18:07:05.264 [main] INFO  stepDefinitions.steps - Entered Username & Password
18:07:05.297 [main] INFO  stepDefinitions.steps - Clicked Submit
18:07:09.369 [main] INFO  stepDefinitions.steps - Verified we hit Dashboard
18:07:11.240 [main] INFO  stepDefinitions.steps - Opened Webpage
18:07:13.320 [main] INFO  stepDefinitions.steps - Entered Username & Password
18:07:13.350 [main] INFO  stepDefinitions.steps - Clicked Submit
18:07:17.382 [main] INFO  stepDefinitions.steps - Verified we hit Dashboard
18:07:46.470 [main] INFO  stepDefinitions.steps - Opened Webpage
18:07:48.560 [main] INFO  stepDefinitions.steps - Entered Username & Password
18:07:48.595 [main] INFO  stepDefinitions.steps - Clicked Submit
18:07:52.649 [main] INFO  stepDefinitions.steps - Verified we hit Dashboard
18:07:54.554 [main] INFO  stepDefinitions.steps - Opened Webpage
18:07:56.649 [main] INFO  stepDefinitions.steps - Entered Username & Password
18:07:56.683 [main] INFO  stepDefinitions.steps - Clicked Submit
18:08:00.730 [main] INFO  stepDefinitions.steps - Verified we hit Dashboard
18:08:02.644 [main] INFO  stepDefinitions.steps - Opened Webpage
18:08:04.740 [main] INFO  stepDefinitions.steps - Entered Username & Password
18:08:04.771 [main] INFO  stepDefinitions.steps - Clicked Submit
18:08:10.838 [main] INFO  stepDefinitions.steps - Opened Webpage
18:08:12.924 [main] INFO  stepDefinitions.steps - Entered Username & Password
18:08:13.355 [main] INFO  stepDefinitions.steps - Clicked Submit
18:10:13.723 [main] INFO  stepDefinitions.steps - Opened Webpage
18:10:15.812 [main] INFO  stepDefinitions.steps - Entered Username & Password
18:10:15.843 [main] INFO  stepDefinitions.steps - Clicked Submit
18:10:20.109 [main] INFO  stepDefinitions.steps - Opened Webpage
18:10:22.187 [main] INFO  stepDefinitions.steps - Entered Username & Password
18:10:22.218 [main] INFO  stepDefinitions.steps - Clicked Submit
18:10:26.406 [main] INFO  stepDefinitions.steps - Opened Webpage
18:10:28.499 [main] INFO  stepDefinitions.steps - Entered Username & Password
18:10:28.529 [main] INFO  stepDefinitions.steps - Clicked Submit
18:10:30.562 [main] INFO  stepDefinitions.steps - Login Failed
18:10:32.757 [main] INFO  stepDefinitions.steps - Opened Webpage
18:10:34.837 [main] INFO  stepDefinitions.steps - Entered Username & Password
18:10:34.866 [main] INFO  stepDefinitions.steps - Clicked Submit
18:10:36.901 [main] INFO  stepDefinitions.steps - Login Failed
18:14:42.074 [main] INFO  stepDefinitions.steps - Opened Webpage
18:14:44.165 [main] INFO  stepDefinitions.steps - Entered Username & Password
18:14:44.197 [main] INFO  stepDefinitions.steps - Clicked Submit
18:14:48.429 [main] INFO  stepDefinitions.steps - Opened Webpage
18:14:53.935 [main] INFO  stepDefinitions.steps - Opened Webpage
18:19:22.010 [main] INFO  stepDefinitions.steps - Opened Webpage
18:19:24.104 [main] INFO  stepDefinitions.steps - Entered Username & Password
18:19:24.138 [main] INFO  stepDefinitions.steps - Clicked Submit
18:19:28.285 [main] INFO  stepDefinitions.steps - Opened Webpage
18:19:30.386 [main] INFO  stepDefinitions.steps - Entered Username & Password
18:19:31.345 [main] INFO  stepDefinitions.steps - Clicked Submit
18:19:35.415 [main] INFO  stepDefinitions.steps - Opened Webpage
18:19:37.509 [main] INFO  stepDefinitions.steps - Entered Username & Password
18:19:37.538 [main] INFO  stepDefinitions.steps - Clicked Submit
18:19:39.578 [main] INFO  stepDefinitions.steps - Login Failed
18:19:41.650 [main] INFO  stepDefinitions.steps - Opened Webpage
18:19:43.742 [main] INFO  stepDefinitions.steps - Entered Username & Password
18:19:44.200 [main] INFO  stepDefinitions.steps - Clicked Submit
18:19:46.226 [main] INFO  stepDefinitions.steps - Login Failed
18:21:13.385 [main] INFO  stepDefinitions.steps - Opened Webpage
18:21:17.197 [main] INFO  stepDefinitions.steps - Opened Webpage
18:23:51.609 [main] INFO  stepDefinitions.steps - Opened Webpage
18:23:53.707 [main] INFO  stepDefinitions.steps - Entered Username & Password
18:23:53.738 [main] INFO  stepDefinitions.steps - Clicked Submit
18:23:57.615 [main] INFO  stepDefinitions.steps - Opened Webpage
18:23:59.713 [main] INFO  stepDefinitions.steps - Entered Username & Password
18:23:59.743 [main] INFO  stepDefinitions.steps - Clicked Submit
18:24:03.722 [main] INFO  stepDefinitions.steps - Opened Webpage
18:24:05.818 [main] INFO  stepDefinitions.steps - Entered Username & Password
18:24:05.852 [main] INFO  stepDefinitions.steps - Clicked Submit
18:24:42.729 [main] INFO  stepDefinitions.steps - Opened Webpage
18:24:46.745 [main] INFO  stepDefinitions.steps - Opened Webpage
18:24:50.761 [main] INFO  stepDefinitions.steps - Opened Webpage
18:34:22.430 [main] INFO  stepDefinitions.steps - Opened Webpage
18:34:26.538 [main] INFO  stepDefinitions.steps - Opened Webpage
18:37:26.142 [main] INFO  stepDefinitions.steps - Opened Webpage
18:37:30.240 [main] INFO  stepDefinitions.steps - Opened Webpage
18:37:34.317 [main] INFO  stepDefinitions.steps - Opened Webpage
18:38:25.975 [main] INFO  stepDefinitions.steps - Opened Webpage
18:38:28.076 [main] INFO  stepDefinitions.steps - Entered Username & Password
18:38:28.107 [main] INFO  stepDefinitions.steps - Clicked Submit
18:38:30.147 [main] INFO  stepDefinitions.steps - Login Failed
18:38:32.178 [main] INFO  stepDefinitions.steps - Opened Webpage
18:38:34.265 [main] INFO  stepDefinitions.steps - Entered Username & Password
18:38:34.294 [main] INFO  stepDefinitions.steps - Clicked Submit
18:38:36.317 [main] INFO  stepDefinitions.steps - Login Failed
18:38:38.320 [main] INFO  stepDefinitions.steps - Opened Webpage
18:38:40.417 [main] INFO  stepDefinitions.steps - Entered Username & Password
18:38:40.448 [main] INFO  stepDefinitions.steps - Clicked Submit
18:38:42.482 [main] INFO  stepDefinitions.steps - Login Failed
18:38:44.504 [main] INFO  stepDefinitions.steps - Opened Webpage
18:38:46.595 [main] INFO  stepDefinitions.steps - Entered Username & Password
18:38:46.625 [main] INFO  stepDefinitions.steps - Clicked Submit
18:38:50.673 [main] INFO  stepDefinitions.steps - Verified we hit Dashboard
18:39:44.573 [main] INFO  stepDefinitions.steps - Opened Webpage
18:39:46.670 [main] INFO  stepDefinitions.steps - Entered Username & Password
18:39:46.702 [main] INFO  stepDefinitions.steps - Clicked Submit
18:39:48.741 [main] INFO  stepDefinitions.steps - Login Failed
18:39:52.984 [main] INFO  stepDefinitions.steps - Opened Webpage
18:41:58.127 [main] INFO  stepDefinitions.steps - Opened Webpage
18:42:00.218 [main] INFO  stepDefinitions.steps - Entered Username & Password
18:42:00.249 [main] INFO  stepDefinitions.steps - Clicked Submit
18:42:02.296 [main] INFO  stepDefinitions.steps - Login Failed
18:42:06.386 [main] INFO  stepDefinitions.steps - Opened Webpage
18:42:08.469 [main] INFO  stepDefinitions.steps - Entered Username & Password
18:42:08.908 [main] INFO  stepDefinitions.steps - Clicked Submit
18:42:10.946 [main] INFO  stepDefinitions.steps - Login Failed
18:42:15.184 [main] INFO  stepDefinitions.steps - Opened Webpage
18:42:17.275 [main] INFO  stepDefinitions.steps - Entered Username & Password
18:42:17.305 [main] INFO  stepDefinitions.steps - Clicked Submit
18:42:19.342 [main] INFO  stepDefinitions.steps - Login Failed
18:42:23.427 [main] INFO  stepDefinitions.steps - Opened Webpage
18:42:25.518 [main] INFO  stepDefinitions.steps - Entered Username & Password
18:42:25.547 [main] INFO  stepDefinitions.steps - Clicked Submit
18:42:29.590 [main] INFO  stepDefinitions.steps - Verified we hit Dashboard
18:42:31.533 [main] INFO  stepDefinitions.steps - Opened Webpage
18:42:33.619 [main] INFO  stepDefinitions.steps - Entered Username & Password
18:42:33.648 [main] INFO  stepDefinitions.steps - Clicked Submit
18:42:37.695 [main] INFO  stepDefinitions.steps - Verified we hit Dashboard
18:42:39.619 [main] INFO  stepDefinitions.steps - Opened Webpage
18:42:41.704 [main] INFO  stepDefinitions.steps - Entered Username & Password
18:42:41.732 [main] INFO  stepDefinitions.steps - Clicked Submit
18:42:47.731 [main] INFO  stepDefinitions.steps - Opened Webpage
18:42:49.822 [main] INFO  stepDefinitions.steps - Entered Username & Password
18:42:50.253 [main] INFO  stepDefinitions.steps - Clicked Submit
19:12:33.159 [main] INFO  stepDefinitions.steps - Opened Webpage
19:12:35.258 [main] INFO  stepDefinitions.steps - Entered Username & Password
19:12:35.788 [main] INFO  stepDefinitions.steps - Clicked Submit
19:12:40.305 [main] INFO  stepDefinitions.steps - Opened Webpage
19:12:42.401 [main] INFO  stepDefinitions.steps - Entered Username & Password
19:12:42.889 [main] INFO  stepDefinitions.steps - Clicked Submit
19:12:47.491 [main] INFO  stepDefinitions.steps - Opened Webpage
19:12:49.573 [main] INFO  stepDefinitions.steps - Entered Username & Password
19:12:49.602 [main] INFO  stepDefinitions.steps - Clicked Submit
19:12:54.162 [main] INFO  stepDefinitions.steps - Opened Webpage
19:13:28.199 [main] INFO  stepDefinitions.steps - Opened Webpage
19:13:30.311 [main] INFO  stepDefinitions.steps - Entered Username & Password
19:13:30.340 [main] INFO  stepDefinitions.steps - Clicked Submit
19:13:32.376 [main] INFO  stepDefinitions.steps - Login Failed & Validation Shown
19:13:32.390 [main] INFO  stepDefinitions.steps - Webpage Progressed
19:13:35.066 [main] INFO  stepDefinitions.steps - Opened Webpage
19:13:37.178 [main] INFO  stepDefinitions.steps - Entered Username & Password
19:13:37.656 [main] INFO  stepDefinitions.steps - Clicked Submit
19:13:39.696 [main] INFO  stepDefinitions.steps - Login Failed & Validation Shown
19:13:39.708 [main] INFO  stepDefinitions.steps - Webpage Progressed
19:13:42.536 [main] INFO  stepDefinitions.steps - Opened Webpage
19:13:44.625 [main] INFO  stepDefinitions.steps - Entered Username & Password
19:13:45.126 [main] INFO  stepDefinitions.steps - Clicked Submit
19:13:47.173 [main] INFO  stepDefinitions.steps - Login Failed & Validation Shown
19:13:47.189 [main] INFO  stepDefinitions.steps - Webpage Progressed
19:13:49.915 [main] INFO  stepDefinitions.steps - Opened Webpage
19:13:52.004 [main] INFO  stepDefinitions.steps - Entered Username & Password
19:13:52.034 [main] INFO  stepDefinitions.steps - Clicked Submit
19:13:56.070 [main] INFO  stepDefinitions.steps - Verified we hit Dashboard
19:13:58.222 [main] INFO  stepDefinitions.steps - Opened Webpage
19:14:00.312 [main] INFO  stepDefinitions.steps - Entered Username & Password
19:14:00.342 [main] INFO  stepDefinitions.steps - Clicked Submit
19:14:04.385 [main] INFO  stepDefinitions.steps - Verified we hit Dashboard
19:14:06.552 [main] INFO  stepDefinitions.steps - Opened Webpage
19:14:08.641 [main] INFO  stepDefinitions.steps - Entered Username & Password
19:14:08.671 [main] INFO  stepDefinitions.steps - Clicked Submit
19:14:12.703 [main] INFO  stepDefinitions.steps - Verified we hit Dashboard
19:16:41.556 [main] INFO  stepDefinitions.steps - Opened Webpage
19:16:43.694 [main] INFO  stepDefinitions.steps - Entered Username & Password
19:16:43.742 [main] INFO  stepDefinitions.steps - Clicked Submit
19:16:45.789 [main] INFO  stepDefinitions.steps - Login Passed
19:16:47.964 [main] INFO  stepDefinitions.steps - Opened Webpage
19:16:50.049 [main] INFO  stepDefinitions.steps - Entered Username & Password
19:16:50.078 [main] INFO  stepDefinitions.steps - Clicked Submit
19:16:52.121 [main] INFO  stepDefinitions.steps - Login Passed
19:16:54.135 [main] INFO  stepDefinitions.steps - Opened Webpage
19:16:56.225 [main] INFO  stepDefinitions.steps - Entered Username & Password
19:16:56.647 [main] INFO  stepDefinitions.steps - Clicked Submit
19:16:58.699 [main] INFO  stepDefinitions.steps - Login Passed
19:17:00.857 [main] INFO  stepDefinitions.steps - Opened Webpage
19:17:02.948 [main] INFO  stepDefinitions.steps - Entered Username & Password
19:17:02.977 [main] INFO  stepDefinitions.steps - Clicked Submit
19:17:07.030 [main] INFO  stepDefinitions.steps - Verified we hit Dashboard
19:17:09.057 [main] INFO  stepDefinitions.steps - Opened Webpage
19:17:11.152 [main] INFO  stepDefinitions.steps - Entered Username & Password
19:17:11.995 [main] INFO  stepDefinitions.steps - Clicked Submit
19:17:16.038 [main] INFO  stepDefinitions.steps - Verified we hit Dashboard
19:17:18.796 [main] INFO  stepDefinitions.steps - Opened Webpage
19:17:20.881 [main] INFO  stepDefinitions.steps - Entered Username & Password
19:17:21.666 [main] INFO  stepDefinitions.steps - Clicked Submit
19:17:25.706 [main] INFO  stepDefinitions.steps - Verified we hit Dashboard
12:01:16.618 [main] INFO  stepDefinitions.steps - Opened Webpage
12:01:18.710 [main] INFO  stepDefinitions.steps - Entered Username & Password
12:01:18.741 [main] INFO  stepDefinitions.steps - Clicked Submit
12:01:20.803 [main] INFO  stepDefinitions.steps - Login Passed
12:01:22.599 [main] INFO  stepDefinitions.steps - Opened Webpage
12:01:24.695 [main] INFO  stepDefinitions.steps - Entered Username & Password
12:01:25.109 [main] INFO  stepDefinitions.steps - Clicked Submit
12:01:27.145 [main] INFO  stepDefinitions.steps - Login Passed
12:01:28.825 [main] INFO  stepDefinitions.steps - Opened Webpage
12:01:30.908 [main] INFO  stepDefinitions.steps - Entered Username & Password
12:01:30.938 [main] INFO  stepDefinitions.steps - Clicked Submit
12:01:32.976 [main] INFO  stepDefinitions.steps - Login Passed
12:01:34.680 [main] INFO  stepDefinitions.steps - Opened Webpage
12:01:36.771 [main] INFO  stepDefinitions.steps - Entered Username & Password
12:01:36.800 [main] INFO  stepDefinitions.steps - Clicked Submit
12:01:40.841 [main] INFO  stepDefinitions.steps - Verified we hit Dashboard
12:01:42.554 [main] INFO  stepDefinitions.steps - Opened Webpage
12:01:44.634 [main] INFO  stepDefinitions.steps - Entered Username & Password
12:01:44.664 [main] INFO  stepDefinitions.steps - Clicked Submit
12:01:48.701 [main] INFO  stepDefinitions.steps - Verified we hit Dashboard
12:01:50.530 [main] INFO  stepDefinitions.steps - Opened Webpage
12:01:52.622 [main] INFO  stepDefinitions.steps - Entered Username & Password
12:01:52.652 [main] INFO  stepDefinitions.steps - Clicked Submit
12:01:56.700 [main] INFO  stepDefinitions.steps - Verified we hit Dashboard
